app/build/intermediates/manifest_merge_blame_file/debug/processDebugMainManifest/manifest-merger-blame-debug-report.txt
1<?xml version="1.0" encoding="utf-8"?>
2<manifest xmlns:android="http://schemas.android.com/apk/res/android"
3    package="com.example.bonus_assignment"
4    android:versionCode="1"
5    android:versionName="1.0" >
6
7    <uses-sdk
8        android:minSdkVersion="30"
9        android:targetSdkVersion="34" />
10
11    <uses-permission android:name="android.permission.INTERNET" />
11-->src/main/AndroidManifest.xml:5:5-67
11-->src/main/AndroidManifest.xml:5:22-64
12    <uses-permission android:name="android.permission.ACCESS_NETWORK_STATE" />
12-->[com.google.firebase:firebase-auth:23.1.0] AndroidManifest.xml:26:5-79
12-->[com.google.firebase:firebase-auth:23.1.0] AndroidManifest.xml:26:22-76
13    <uses-permission android:name="android.permission.WAKE_LOCK" />
13-->[com.google.android.gms:play-services-measurement:22.1.2] AndroidManifest.xml:25:5-68
13-->[com.google.android.gms:play-services-measurement:22.1.2] AndroidManifest.xml:25:22-65
14    <uses-permission android:name="com.google.android.finsky.permission.BIND_GET_INSTALL_REFERRER_SERVICE" />
14-->[com.google.android.gms:play-services-measurement:22.1.2] AndroidManifest.xml:26:5-110
14-->[com.google.android.gms:play-services-measurement:22.1.2] AndroidManifest.xml:26:22-107
15    <uses-permission android:name="com.google.android.gms.permission.AD_ID" />
15-->[com.google.android.gms:play-services-measurement-impl:22.1.2] AndroidManifest.xml:27:5-79
15-->[com.google.android.gms:play-services-measurement-impl:22.1.2] AndroidManifest.xml:27:22-76
16    <uses-permission android:name="android.permission.ACCESS_ADSERVICES_ATTRIBUTION" />
16-->[com.google.android.gms:play-services-measurement-api:22.1.2] AndroidManifest.xml:26:5-88
16-->[com.google.android.gms:play-services-measurement-api:22.1.2] AndroidManifest.xml:26:22-85
17    <uses-permission android:name="android.permission.ACCESS_ADSERVICES_AD_ID" />
17-->[com.google.android.gms:play-services-measurement-api:22.1.2] AndroidManifest.xml:27:5-82
17-->[com.google.android.gms:play-services-measurement-api:22.1.2] AndroidManifest.xml:27:22-79
18    <uses-permission android:name="com.google.android.providers.gsf.permission.READ_GSERVICES" />
18-->[com.google.android.recaptcha:recaptcha:18.5.1] AndroidManifest.xml:9:5-98
18-->[com.google.android.recaptcha:recaptcha:18.5.1] AndroidManifest.xml:9:22-95
19
20    <permission
20-->[androidx.core:core:1.13.0] AndroidManifest.xml:22:5-24:47
21        android:name="com.example.bonus_assignment.DYNAMIC_RECEIVER_NOT_EXPORTED_PERMISSION"
21-->[androidx.core:core:1.13.0] AndroidManifest.xml:23:9-81
22        android:protectionLevel="signature" />
22-->[androidx.core:core:1.13.0] AndroidManifest.xml:24:9-44
23
24    <uses-permission android:name="com.example.bonus_assignment.DYNAMIC_RECEIVER_NOT_EXPORTED_PERMISSION" />
24-->[androidx.core:core:1.13.0] AndroidManifest.xml:26:5-97
24-->[androidx.core:core:1.13.0] AndroidManifest.xml:26:22-94
25
26    <application
26-->src/main/AndroidManifest.xml:7:5-36:19
27        android:allowBackup="true"
27-->src/main/AndroidManifest.xml:8:9-35
28        android:appComponentFactory="androidx.core.app.CoreComponentFactory"
28-->[androidx.core:core:1.13.0] AndroidManifest.xml:28:18-86
29        android:dataExtractionRules="@xml/data_extraction_rules"
29-->src/main/AndroidManifest.xml:9:9-65
30        android:debuggable="true"
31        android:enableOnBackInvokedCallback="true"
31-->src/main/AndroidManifest.xml:16:9-51
32        android:extractNativeLibs="false"
33        android:fullBackupContent="@xml/backup_rules"
33-->src/main/AndroidManifest.xml:10:9-54
34        android:icon="@mipmap/ic_launcher"
34-->src/main/AndroidManifest.xml:11:9-43
35        android:label="@string/app_name"
35-->src/main/AndroidManifest.xml:12:9-41
36        android:roundIcon="@mipmap/ic_launcher_round"
36-->src/main/AndroidManifest.xml:13:9-54
37        android:supportsRtl="true"
37-->src/main/AndroidManifest.xml:14:9-35
38        android:testOnly="true"
39        android:theme="@style/Theme.Bonus_Assignment" >
39-->src/main/AndroidManifest.xml:15:9-54
40        <activity
40-->src/main/AndroidManifest.xml:20:9-107
41            android:name="com.example.bonus_assignment.loginPage.LoginActivity"
41-->src/main/AndroidManifest.xml:20:19-58
42            android:theme="@style/Theme.Bonus_Assignment" />
42-->src/main/AndroidManifest.xml:20:59-104
43        <activity android:name="com.example.bonus_assignment.taskPage.TaskActivity" />
43-->src/main/AndroidManifest.xml:21:9-59
43-->src/main/AndroidManifest.xml:21:19-56
44        <activity
44-->src/main/AndroidManifest.xml:24:9-33:20
45            android:name="com.example.bonus_assignment.MainActivity"
45-->src/main/AndroidManifest.xml:25:13-41
46            android:exported="true"
46-->src/main/AndroidManifest.xml:26:13-36
47            android:label="@string/app_name"
47-->src/main/AndroidManifest.xml:27:13-45
48            android:theme="@style/Theme.Bonus_Assignment" >
48-->src/main/AndroidManifest.xml:28:13-58
49            <intent-filter>
49-->src/main/AndroidManifest.xml:29:13-32:29
50                <action android:name="android.intent.action.MAIN" />
50-->src/main/AndroidManifest.xml:30:17-69
50-->src/main/AndroidManifest.xml:30:25-66
51
52                <category android:name="android.intent.category.LAUNCHER" />
52-->src/main/AndroidManifest.xml:31:17-77
52-->src/main/AndroidManifest.xml:31:27-74
53            </intent-filter>
54        </activity>
55        <activity android:name="com.example.bonus_assignment.signUpPage.SignupActivity" />
55-->src/main/AndroidManifest.xml:35:9-91
55-->src/main/AndroidManifest.xml:35:19-88
56        <activity
56-->[androidx.compose.ui:ui-tooling-android:1.6.6] AndroidManifest.xml:23:9-25:39
57            android:name="androidx.compose.ui.tooling.PreviewActivity"
57-->[androidx.compose.ui:ui-tooling-android:1.6.6] AndroidManifest.xml:24:13-71
58            android:exported="true" />
58-->[androidx.compose.ui:ui-tooling-android:1.6.6] AndroidManifest.xml:25:13-36
59        <activity
59-->[androidx.compose.ui:ui-test-manifest:1.6.6] AndroidManifest.xml:23:9-25:39
60            android:name="androidx.activity.ComponentActivity"
60-->[androidx.compose.ui:ui-test-manifest:1.6.6] AndroidManifest.xml:24:13-63
61            android:exported="true" />
61-->[androidx.compose.ui:ui-test-manifest:1.6.6] AndroidManifest.xml:25:13-36
62        <activity
62-->[com.google.firebase:firebase-auth:23.1.0] AndroidManifest.xml:29:9-46:20
63            android:name="com.google.firebase.auth.internal.GenericIdpActivity"
63-->[com.google.firebase:firebase-auth:23.1.0] AndroidManifest.xml:30:13-80
64            android:excludeFromRecents="true"
64-->[com.google.firebase:firebase-auth:23.1.0] AndroidManifest.xml:31:13-46
65            android:exported="true"
65-->[com.google.firebase:firebase-auth:23.1.0] AndroidManifest.xml:32:13-36
66            android:launchMode="singleTask"
66-->[com.google.firebase:firebase-auth:23.1.0] AndroidManifest.xml:33:13-44
67            android:theme="@android:style/Theme.Translucent.NoTitleBar" >
67-->[com.google.firebase:firebase-auth:23.1.0] AndroidManifest.xml:34:13-72
68            <intent-filter>
68-->[com.google.firebase:firebase-auth:23.1.0] AndroidManifest.xml:35:13-45:29
69                <action android:name="android.intent.action.VIEW" />
69-->[com.google.firebase:firebase-auth:23.1.0] AndroidManifest.xml:36:17-69
69-->[com.google.firebase:firebase-auth:23.1.0] AndroidManifest.xml:36:25-66
70
71                <category android:name="android.intent.category.DEFAULT" />
71-->[com.google.firebase:firebase-auth:23.1.0] AndroidManifest.xml:38:17-76
71-->[com.google.firebase:firebase-auth:23.1.0] AndroidManifest.xml:38:27-73
72                <category android:name="android.intent.category.BROWSABLE" />
72-->[com.google.firebase:firebase-auth:23.1.0] AndroidManifest.xml:39:17-78
72-->[com.google.firebase:firebase-auth:23.1.0] AndroidManifest.xml:39:27-75
73
74                <data
74-->[com.google.firebase:firebase-auth:23.1.0] AndroidManifest.xml:41:17-44:51
75                    android:host="firebase.auth"
75-->[com.google.firebase:firebase-auth:23.1.0] AndroidManifest.xml:42:21-49
76                    android:path="/"
76-->[com.google.firebase:firebase-auth:23.1.0] AndroidManifest.xml:43:21-37
77                    android:scheme="genericidp" />
77-->[com.google.firebase:firebase-auth:23.1.0] AndroidManifest.xml:44:21-48
78            </intent-filter>
79        </activity>
80        <activity
80-->[com.google.firebase:firebase-auth:23.1.0] AndroidManifest.xml:47:9-64:20
81            android:name="com.google.firebase.auth.internal.RecaptchaActivity"
81-->[com.google.firebase:firebase-auth:23.1.0] AndroidManifest.xml:48:13-79
82            android:excludeFromRecents="true"
82-->[com.google.firebase:firebase-auth:23.1.0] AndroidManifest.xml:49:13-46
83            android:exported="true"
83-->[com.google.firebase:firebase-auth:23.1.0] AndroidManifest.xml:50:13-36
84            android:launchMode="singleTask"
84-->[com.google.firebase:firebase-auth:23.1.0] AndroidManifest.xml:51:13-44
85            android:theme="@android:style/Theme.Translucent.NoTitleBar" >
85-->[com.google.firebase:firebase-auth:23.1.0] AndroidManifest.xml:52:13-72
86            <intent-filter>
86-->[com.google.firebase:firebase-auth:23.1.0] AndroidManifest.xml:53:13-63:29
87                <action android:name="android.intent.action.VIEW" />
87-->[com.google.firebase:firebase-auth:23.1.0] AndroidManifest.xml:36:17-69
87-->[com.google.firebase:firebase-auth:23.1.0] AndroidManifest.xml:36:25-66
88
89                <category android:name="android.intent.category.DEFAULT" />
89-->[com.google.firebase:firebase-auth:23.1.0] AndroidManifest.xml:38:17-76
89-->[com.google.firebase:firebase-auth:23.1.0] AndroidManifest.xml:38:27-73
90                <category android:name="android.intent.category.BROWSABLE" />
90-->[com.google.firebase:firebase-auth:23.1.0] AndroidManifest.xml:39:17-78
90-->[com.google.firebase:firebase-auth:23.1.0] AndroidManifest.xml:39:27-75
91
92                <data
92-->[com.google.firebase:firebase-auth:23.1.0] AndroidManifest.xml:41:17-44:51
93                    android:host="firebase.auth"
93-->[com.google.firebase:firebase-auth:23.1.0] AndroidManifest.xml:42:21-49
94                    android:path="/"
94-->[com.google.firebase:firebase-auth:23.1.0] AndroidManifest.xml:43:21-37
95                    android:scheme="recaptcha" />
95-->[com.google.firebase:firebase-auth:23.1.0] AndroidManifest.xml:44:21-48
96            </intent-filter>
97        </activity>
98
99        <service
99-->[com.google.firebase:firebase-auth:23.1.0] AndroidManifest.xml:66:9-72:19
100            android:name="com.google.firebase.components.ComponentDiscoveryService"
100-->[com.google.firebase:firebase-auth:23.1.0] AndroidManifest.xml:67:13-84
101            android:directBootAware="true"
101-->[com.google.firebase:firebase-common:21.0.0] AndroidManifest.xml:32:13-43
102            android:exported="false" >
102-->[com.google.firebase:firebase-auth:23.1.0] AndroidManifest.xml:68:13-37
103            <meta-data
103-->[com.google.firebase:firebase-auth:23.1.0] AndroidManifest.xml:69:13-71:85
104                android:name="com.google.firebase.components:com.google.firebase.auth.FirebaseAuthRegistrar"
104-->[com.google.firebase:firebase-auth:23.1.0] AndroidManifest.xml:70:17-109
105                android:value="com.google.firebase.components.ComponentRegistrar" />
105-->[com.google.firebase:firebase-auth:23.1.0] AndroidManifest.xml:71:17-82
106            <meta-data
106-->[com.google.firebase:firebase-firestore:25.1.1] AndroidManifest.xml:17:13-19:85
107                android:name="com.google.firebase.components:com.google.firebase.firestore.FirebaseFirestoreKtxRegistrar"
107-->[com.google.firebase:firebase-firestore:25.1.1] AndroidManifest.xml:18:17-122
108                android:value="com.google.firebase.components.ComponentRegistrar" />
108-->[com.google.firebase:firebase-firestore:25.1.1] AndroidManifest.xml:19:17-82
109            <meta-data
109-->[com.google.firebase:firebase-firestore:25.1.1] AndroidManifest.xml:20:13-22:85
110                android:name="com.google.firebase.components:com.google.firebase.firestore.FirestoreRegistrar"
110-->[com.google.firebase:firebase-firestore:25.1.1] AndroidManifest.xml:21:17-111
111                android:value="com.google.firebase.components.ComponentRegistrar" />
111-->[com.google.firebase:firebase-firestore:25.1.1] AndroidManifest.xml:22:17-82
112            <meta-data
112-->[com.google.firebase:firebase-database:21.0.0] AndroidManifest.xml:29:13-31:85
113                android:name="com.google.firebase.components:com.google.firebase.database.FirebaseDatabaseKtxRegistrar"
113-->[com.google.firebase:firebase-database:21.0.0] AndroidManifest.xml:30:17-120
114                android:value="com.google.firebase.components.ComponentRegistrar" />
114-->[com.google.firebase:firebase-database:21.0.0] AndroidManifest.xml:31:17-82
115            <meta-data
115-->[com.google.firebase:firebase-database:21.0.0] AndroidManifest.xml:32:13-34:85
116                android:name="com.google.firebase.components:com.google.firebase.database.DatabaseRegistrar"
116-->[com.google.firebase:firebase-database:21.0.0] AndroidManifest.xml:33:17-109
117                android:value="com.google.firebase.components.ComponentRegistrar" />
117-->[com.google.firebase:firebase-database:21.0.0] AndroidManifest.xml:34:17-82
118            <meta-data
118-->[com.google.firebase:firebase-crashlytics:19.3.0] AndroidManifest.xml:15:13-17:85
119                android:name="com.google.firebase.components:com.google.firebase.crashlytics.FirebaseCrashlyticsKtxRegistrar"
119-->[com.google.firebase:firebase-crashlytics:19.3.0] AndroidManifest.xml:16:17-126
120                android:value="com.google.firebase.components.ComponentRegistrar" />
120-->[com.google.firebase:firebase-crashlytics:19.3.0] AndroidManifest.xml:17:17-82
121            <meta-data
121-->[com.google.firebase:firebase-crashlytics:19.3.0] AndroidManifest.xml:18:13-20:85
122                android:name="com.google.firebase.components:com.google.firebase.crashlytics.CrashlyticsRegistrar"
122-->[com.google.firebase:firebase-crashlytics:19.3.0] AndroidManifest.xml:19:17-115
123                android:value="com.google.firebase.components.ComponentRegistrar" />
123-->[com.google.firebase:firebase-crashlytics:19.3.0] AndroidManifest.xml:20:17-82
124            <meta-data
124-->[com.google.firebase:firebase-inappmessaging:21.0.1] AndroidManifest.xml:14:13-16:85
125                android:name="com.google.firebase.components:com.google.firebase.inappmessaging.FirebaseInAppMessagingKtxRegistrar"
125-->[com.google.firebase:firebase-inappmessaging:21.0.1] AndroidManifest.xml:15:17-132
126                android:value="com.google.firebase.components.ComponentRegistrar" />
126-->[com.google.firebase:firebase-inappmessaging:21.0.1] AndroidManifest.xml:16:17-82
127            <meta-data
127-->[com.google.firebase:firebase-inappmessaging:21.0.1] AndroidManifest.xml:17:13-19:85
128                android:name="com.google.firebase.components:com.google.firebase.inappmessaging.FirebaseInAppMessagingRegistrar"
128-->[com.google.firebase:firebase-inappmessaging:21.0.1] AndroidManifest.xml:18:17-129
129                android:value="com.google.firebase.components.ComponentRegistrar" />
129-->[com.google.firebase:firebase-inappmessaging:21.0.1] AndroidManifest.xml:19:17-82
130            <meta-data
130-->[com.google.firebase:firebase-sessions:2.0.7] AndroidManifest.xml:29:13-31:85
131                android:name="com.google.firebase.components:com.google.firebase.sessions.FirebaseSessionsRegistrar"
131-->[com.google.firebase:firebase-sessions:2.0.7] AndroidManifest.xml:30:17-117
132                android:value="com.google.firebase.components.ComponentRegistrar" />
132-->[com.google.firebase:firebase-sessions:2.0.7] AndroidManifest.xml:31:17-82
133            <meta-data
133-->[com.google.android.gms:play-services-measurement-api:22.1.2] AndroidManifest.xml:37:13-39:85
134                android:name="com.google.firebase.components:com.google.firebase.analytics.connector.internal.AnalyticsConnectorRegistrar"
134-->[com.google.android.gms:play-services-measurement-api:22.1.2] AndroidManifest.xml:38:17-139
135                android:value="com.google.firebase.components.ComponentRegistrar" />
135-->[com.google.android.gms:play-services-measurement-api:22.1.2] AndroidManifest.xml:39:17-82
136            <meta-data
136-->[com.google.firebase:firebase-installations:18.0.0] AndroidManifest.xml:15:13-17:85
137                android:name="com.google.firebase.components:com.google.firebase.installations.FirebaseInstallationsKtxRegistrar"
137-->[com.google.firebase:firebase-installations:18.0.0] AndroidManifest.xml:16:17-130
138                android:value="com.google.firebase.components.ComponentRegistrar" />
138-->[com.google.firebase:firebase-installations:18.0.0] AndroidManifest.xml:17:17-82
139            <meta-data
139-->[com.google.firebase:firebase-installations:18.0.0] AndroidManifest.xml:18:13-20:85
140                android:name="com.google.firebase.components:com.google.firebase.installations.FirebaseInstallationsRegistrar"
140-->[com.google.firebase:firebase-installations:18.0.0] AndroidManifest.xml:19:17-127
141                android:value="com.google.firebase.components.ComponentRegistrar" />
141-->[com.google.firebase:firebase-installations:18.0.0] AndroidManifest.xml:20:17-82
142            <meta-data
142-->[com.google.firebase:firebase-common-ktx:21.0.0] AndroidManifest.xml:12:13-14:85
143                android:name="com.google.firebase.components:com.google.firebase.ktx.FirebaseCommonLegacyRegistrar"
143-->[com.google.firebase:firebase-common-ktx:21.0.0] AndroidManifest.xml:13:17-116
144                android:value="com.google.firebase.components.ComponentRegistrar" />
144-->[com.google.firebase:firebase-common-ktx:21.0.0] AndroidManifest.xml:14:17-82
145            <meta-data
145-->[com.google.firebase:firebase-common:21.0.0] AndroidManifest.xml:35:13-37:85
146                android:name="com.google.firebase.components:com.google.firebase.FirebaseCommonKtxRegistrar"
146-->[com.google.firebase:firebase-common:21.0.0] AndroidManifest.xml:36:17-109
147                android:value="com.google.firebase.components.ComponentRegistrar" />
147-->[com.google.firebase:firebase-common:21.0.0] AndroidManifest.xml:37:17-82
148            <meta-data
148-->[com.google.firebase:firebase-abt:21.1.1] AndroidManifest.xml:12:13-14:85
149                android:name="com.google.firebase.components:com.google.firebase.abt.component.AbtRegistrar"
149-->[com.google.firebase:firebase-abt:21.1.1] AndroidManifest.xml:13:17-109
150                android:value="com.google.firebase.components.ComponentRegistrar" />
150-->[com.google.firebase:firebase-abt:21.1.1] AndroidManifest.xml:14:17-82
151            <meta-data
151-->[com.google.firebase:firebase-datatransport:19.0.0] AndroidManifest.xml:25:13-27:85
152                android:name="com.google.firebase.components:com.google.firebase.datatransport.TransportRegistrar"
152-->[com.google.firebase:firebase-datatransport:19.0.0] AndroidManifest.xml:26:17-115
153                android:value="com.google.firebase.components.ComponentRegistrar" />
153-->[com.google.firebase:firebase-datatransport:19.0.0] AndroidManifest.xml:27:17-82
154        </service>
155        <service
155-->[androidx.credentials:credentials-play-services-auth:1.2.0-rc01] AndroidManifest.xml:24:9-32:19
156            android:name="androidx.credentials.playservices.CredentialProviderMetadataHolder"
156-->[androidx.credentials:credentials-play-services-auth:1.2.0-rc01] AndroidManifest.xml:25:13-94
157            android:enabled="true"
157-->[androidx.credentials:credentials-play-services-auth:1.2.0-rc01] AndroidManifest.xml:26:13-35
158            android:exported="false" >
158-->[androidx.credentials:credentials-play-services-auth:1.2.0-rc01] AndroidManifest.xml:27:13-37
159            <meta-data
159-->[androidx.credentials:credentials-play-services-auth:1.2.0-rc01] AndroidManifest.xml:29:13-31:104
160                android:name="androidx.credentials.CREDENTIAL_PROVIDER_KEY"
160-->[androidx.credentials:credentials-play-services-auth:1.2.0-rc01] AndroidManifest.xml:30:17-76
161                android:value="androidx.credentials.playservices.CredentialProviderPlayServicesImpl" />
161-->[androidx.credentials:credentials-play-services-auth:1.2.0-rc01] AndroidManifest.xml:31:17-101
162        </service>
163
164        <activity
164-->[androidx.credentials:credentials-play-services-auth:1.2.0-rc01] AndroidManifest.xml:34:9-41:20
165            android:name="androidx.credentials.playservices.HiddenActivity"
165-->[androidx.credentials:credentials-play-services-auth:1.2.0-rc01] AndroidManifest.xml:35:13-76
166            android:configChanges="orientation|screenSize|screenLayout|keyboardHidden"
166-->[androidx.credentials:credentials-play-services-auth:1.2.0-rc01] AndroidManifest.xml:36:13-87
167            android:enabled="true"
167-->[androidx.credentials:credentials-play-services-auth:1.2.0-rc01] AndroidManifest.xml:37:13-35
168            android:exported="false"
168-->[androidx.credentials:credentials-play-services-auth:1.2.0-rc01] AndroidManifest.xml:38:13-37
169            android:fitsSystemWindows="true"
169-->[androidx.credentials:credentials-play-services-auth:1.2.0-rc01] AndroidManifest.xml:39:13-45
170            android:theme="@style/Theme.Hidden" >
170-->[androidx.credentials:credentials-play-services-auth:1.2.0-rc01] AndroidManifest.xml:40:13-48
171        </activity>
172        <activity
172-->[com.google.android.gms:play-services-auth:21.3.0] AndroidManifest.xml:23:9-27:75
173            android:name="com.google.android.gms.auth.api.signin.internal.SignInHubActivity"
173-->[com.google.android.gms:play-services-auth:21.3.0] AndroidManifest.xml:24:13-93
174            android:excludeFromRecents="true"
174-->[com.google.android.gms:play-services-auth:21.3.0] AndroidManifest.xml:25:13-46
175            android:exported="false"
175-->[com.google.android.gms:play-services-auth:21.3.0] AndroidManifest.xml:26:13-37
176            android:theme="@android:style/Theme.Translucent.NoTitleBar" />
176-->[com.google.android.gms:play-services-auth:21.3.0] AndroidManifest.xml:27:13-72
177        <!--
178            Service handling Google Sign-In user revocation. For apps that do not integrate with
179            Google Sign-In, this service will never be started.
180        -->
181        <service
181-->[com.google.android.gms:play-services-auth:21.3.0] AndroidManifest.xml:33:9-37:51
182            android:name="com.google.android.gms.auth.api.signin.RevocationBoundService"
182-->[com.google.android.gms:play-services-auth:21.3.0] AndroidManifest.xml:34:13-89
183            android:exported="true"
183-->[com.google.android.gms:play-services-auth:21.3.0] AndroidManifest.xml:35:13-36
184            android:permission="com.google.android.gms.auth.api.signin.permission.REVOCATION_NOTIFICATION"
184-->[com.google.android.gms:play-services-auth:21.3.0] AndroidManifest.xml:36:13-107
185            android:visibleToInstantApps="true" />
185-->[com.google.android.gms:play-services-auth:21.3.0] AndroidManifest.xml:37:13-48
186
187        <receiver
187-->[com.google.android.gms:play-services-measurement:22.1.2] AndroidManifest.xml:29:9-33:20
188            android:name="com.google.android.gms.measurement.AppMeasurementReceiver"
188-->[com.google.android.gms:play-services-measurement:22.1.2] AndroidManifest.xml:30:13-85
189            android:enabled="true"
189-->[com.google.android.gms:play-services-measurement:22.1.2] AndroidManifest.xml:31:13-35
190            android:exported="false" >
190-->[com.google.android.gms:play-services-measurement:22.1.2] AndroidManifest.xml:32:13-37
191        </receiver>
192
193        <service
193-->[com.google.android.gms:play-services-measurement:22.1.2] AndroidManifest.xml:35:9-38:40
194            android:name="com.google.android.gms.measurement.AppMeasurementService"
194-->[com.google.android.gms:play-services-measurement:22.1.2] AndroidManifest.xml:36:13-84
195            android:enabled="true"
195-->[com.google.android.gms:play-services-measurement:22.1.2] AndroidManifest.xml:37:13-35
196            android:exported="false" />
196-->[com.google.android.gms:play-services-measurement:22.1.2] AndroidManifest.xml:38:13-37
197        <service
197-->[com.google.android.gms:play-services-measurement:22.1.2] AndroidManifest.xml:39:9-43:72
198            android:name="com.google.android.gms.measurement.AppMeasurementJobService"
198-->[com.google.android.gms:play-services-measurement:22.1.2] AndroidManifest.xml:40:13-87
199            android:enabled="true"
199-->[com.google.android.gms:play-services-measurement:22.1.2] AndroidManifest.xml:41:13-35
200            android:exported="false"
200-->[com.google.android.gms:play-services-measurement:22.1.2] AndroidManifest.xml:42:13-37
201            android:permission="android.permission.BIND_JOB_SERVICE" />
201-->[com.google.android.gms:play-services-measurement:22.1.2] AndroidManifest.xml:43:13-69
202
203        <activity
203-->[com.google.android.gms:play-services-base:18.5.0] AndroidManifest.xml:5:9-173
204            android:name="com.google.android.gms.common.api.GoogleApiActivity"
204-->[com.google.android.gms:play-services-base:18.5.0] AndroidManifest.xml:5:19-85
205            android:exported="false"
205-->[com.google.android.gms:play-services-base:18.5.0] AndroidManifest.xml:5:146-170
206            android:theme="@android:style/Theme.Translucent.NoTitleBar" />
206-->[com.google.android.gms:play-services-base:18.5.0] AndroidManifest.xml:5:86-145
207
208        <service
208-->[com.google.firebase:firebase-sessions:2.0.7] AndroidManifest.xml:22:9-25:40
209            android:name="com.google.firebase.sessions.SessionLifecycleService"
209-->[com.google.firebase:firebase-sessions:2.0.7] AndroidManifest.xml:23:13-80
210            android:enabled="true"
210-->[com.google.firebase:firebase-sessions:2.0.7] AndroidManifest.xml:24:13-35
211            android:exported="false" />
211-->[com.google.firebase:firebase-sessions:2.0.7] AndroidManifest.xml:25:13-37
212
213        <property
213-->[com.google.android.gms:play-services-measurement-api:22.1.2] AndroidManifest.xml:30:9-32:61
214            android:name="android.adservices.AD_SERVICES_CONFIG"
214-->[com.google.android.gms:play-services-measurement-api:22.1.2] AndroidManifest.xml:31:13-65
215            android:resource="@xml/ga_ad_services_config" />
215-->[com.google.android.gms:play-services-measurement-api:22.1.2] AndroidManifest.xml:32:13-58
216
217        <provider
217-->[com.google.firebase:firebase-common:21.0.0] AndroidManifest.xml:23:9-28:39
218            android:name="com.google.firebase.provider.FirebaseInitProvider"
218-->[com.google.firebase:firebase-common:21.0.0] AndroidManifest.xml:24:13-77
219            android:authorities="com.example.bonus_assignment.firebaseinitprovider"
219-->[com.google.firebase:firebase-common:21.0.0] AndroidManifest.xml:25:13-72
220            android:directBootAware="true"
220-->[com.google.firebase:firebase-common:21.0.0] AndroidManifest.xml:26:13-43
221            android:exported="false"
221-->[com.google.firebase:firebase-common:21.0.0] AndroidManifest.xml:27:13-37
222            android:initOrder="100" />
222-->[com.google.firebase:firebase-common:21.0.0] AndroidManifest.xml:28:13-36
223
224        <uses-library
224-->[androidx.privacysandbox.ads:ads-adservices:1.0.0-beta05] AndroidManifest.xml:23:9-25:40
225            android:name="android.ext.adservices"
225-->[androidx.privacysandbox.ads:ads-adservices:1.0.0-beta05] AndroidManifest.xml:24:13-50
226            android:required="false" />
226-->[androidx.privacysandbox.ads:ads-adservices:1.0.0-beta05] AndroidManifest.xml:25:13-37
227
228        <provider
228-->[androidx.emoji2:emoji2:1.3.0] AndroidManifest.xml:24:9-32:20
229            android:name="androidx.startup.InitializationProvider"
229-->[androidx.emoji2:emoji2:1.3.0] AndroidManifest.xml:25:13-67
230            android:authorities="com.example.bonus_assignment.androidx-startup"
230-->[androidx.emoji2:emoji2:1.3.0] AndroidManifest.xml:26:13-68
231            android:exported="false" >
231-->[androidx.emoji2:emoji2:1.3.0] AndroidManifest.xml:27:13-37
232            <meta-data
232-->[androidx.emoji2:emoji2:1.3.0] AndroidManifest.xml:29:13-31:52
233                android:name="androidx.emoji2.text.EmojiCompatInitializer"
233-->[androidx.emoji2:emoji2:1.3.0] AndroidManifest.xml:30:17-75
234                android:value="androidx.startup" />
234-->[androidx.emoji2:emoji2:1.3.0] AndroidManifest.xml:31:17-49
235            <meta-data
235-->[androidx.lifecycle:lifecycle-process:2.6.2] AndroidManifest.xml:29:13-31:52
236                android:name="androidx.lifecycle.ProcessLifecycleInitializer"
236-->[androidx.lifecycle:lifecycle-process:2.6.2] AndroidManifest.xml:30:17-78
237                android:value="androidx.startup" />
237-->[androidx.lifecycle:lifecycle-process:2.6.2] AndroidManifest.xml:31:17-49
238            <meta-data
238-->[androidx.profileinstaller:profileinstaller:1.4.0] AndroidManifest.xml:29:13-31:52
239                android:name="androidx.profileinstaller.ProfileInstallerInitializer"
239-->[androidx.profileinstaller:profileinstaller:1.4.0] AndroidManifest.xml:30:17-85
240                android:value="androidx.startup" />
240-->[androidx.profileinstaller:profileinstaller:1.4.0] AndroidManifest.xml:31:17-49
241        </provider>
242
243        <meta-data
243-->[com.google.android.gms:play-services-basement:18.4.0] AndroidManifest.xml:6:9-122
244            android:name="com.google.android.gms.version"